Der Buildvorgang wurde am 05.04.2014 18:47:54 gestartet.
     1>Projekt "C:\Users\Kevin\Desktop\IntoxOS\IntoxOS\IntoxOS.vcxproj" auf Knoten "2", Build Ziel(e).
     1>Build:
         C:\Users\Kevin\Desktop\IntoxOS\IntoxOS\\Builder\Build16Bit.bat F:\cygwin\bin\bash
         Erfolgreich bereinigt: C:\Users\Kevin\Desktop\IntoxOS\IntoxOS 
         loader.bin
         loader2.bin
                 1 Datei(en) kopiert.
                 1 Datei(en) verschoben.
         00000000000i[     ] reading configuration from bochsrc.bxrc
         00000000000e[     ] bochsrc.bxrc:20: 'keyboard_serial_delay' will be replaced by new 'keyboard' option.
         00000000000e[     ] bochsrc.bxrc:21: 'keyboard_paste_delay' will be replaced by new 'keyboard' option.
         00000000000e[     ] bochsrc.bxrc:24: 'keyboard_mapping' will be replaced by new 'keyboard' option.
         00000000000i[     ] installing win32 module as the Bochs GUI
         00000000000i[     ] using log file bochsout.txt
         ========================================================================
                                Bochs x86 Emulator 2.6.2
                         Built from SVN snapshot on May 26, 2013
                           Compiled on May 26 2013 at 10:10:55
         ========================================================================
         ========================================================================
         Bochs is exiting with the following message:
         [WGUI ] POWER button turned off.
         ========================================================================
     1>Die Erstellung des Projekts "C:\Users\Kevin\Desktop\IntoxOS\IntoxOS\IntoxOS.vcxproj" ist abgeschlossen, Build Ziel(e).

Build erfolgreich.

Verstrichene Zeit 00:00:03.02
