Der Buildvorgang wurde am 08.09.2014 20:00:12 gestartet.
     1>Projekt "C:\Users\Kevin\Desktop\IntoxOS\IntoxOS\IntoxOS.vcxproj" auf Knoten "2", Rebuild Ziel(e).
     1>Rebuild:
         C:\Users\Kevin\Desktop\IntoxOS\IntoxOS\\build.bat C:\cygwin\bin\bash make
         bash: cannot set terminal process group (-1): Inappropriate ioctl for device
         bash: no job control in this shell
         + '[' -z '' ']'
         + : /cygdrive/i/Programme '(x86)/Microsoft' Visual Studio 12.0/VC/bin:/cygdrive/c/Program Files '(x86)/Windows' Kits/8.1/bin/x86:/cygdrive/c/Program Files '(x86)/Microsoft' SDKs/Windows/v8.1A/bin/NETFX 4.5.1 Tools:/cygdrive/i/Programme '(x86)/Microsoft' Visual Studio 12.0/Common7/Tools/bin:/cygdrive/i/Programme '(x86)/Microsoft' Visual Studio 12.0/Common7/tools:/cygdrive/i/Programme '(x86)/Microsoft' Visual Studio 12.0/Common7/ide:/cygdrive/c/Program Files '(x86)/HTML' Help Workshop:/cygdrive/c/Program Files '(x86)/MSBuild/12.0/bin:/cygdrive/c/Windows/Microsoft.NET/Framework/v4.0.30319:/cygdrive/c/Windows/SysWow64:/cygdrive/i/Programme' '(x86)/Microsoft' Visual Studio 12.0/Common7/IDE/CommonExtensions/Microsoft/TeamFoundation/Team Explorer/NativeBinaries/x86:/cygdrive/c/ProgramData/Oracle/Java/javapath:/cygdrive/c/Program Files '(x86)/NVIDIA' Corporation/PhysX/Common:/cygdrive/c/Program Files '(x86)/Intel/iCLS' Client:/cygdrive/c/Program Files/Intel/iCLS Client:/cygdrive/c/Windows/system32:/cygdrive/c/Windows:/cygdrive/c/Windows/System32/Wbem:/cygdrive/c/Windows/System32/WindowsPowerShell/v1.0:/cygdrive/c/Program 'Files/Intel/Intel(R)' Management Engine Components/DAL:/cygdrive/c/Program 'Files/Intel/Intel(R)' Management Engine Components/IPT:/cygdrive/c/Program Files '(x86)/Intel/Intel(R)' Management Engine Components/DAL:/cygdrive/c/Program Files '(x86)/Intel/Intel(R)' Management Engine Components/IPT:/cygdrive/c/Program Files '(x86)/Windows' Kits/8.1/Windows Performance Toolkit:/cygdrive/c/Program Files/Microsoft SQL Server/110/Tools/Binn:/cygdrive/c/Program Files '(x86)/Microsoft' SDKs/TypeScript/1.0:/usr/local/cross/bin:/cygdrive/f/Program Files '(x86)/Bochs-2.6.6'
         + '[' addwinpath = addwinpath ']'
         + PATH='/usr/local/bin:/usr/bin:/cygdrive/i/Programme (x86)/Microsoft Visual Studio 12.0/VC/bin:/cygdrive/c/Program Files (x86)/Windows Kits/8.1/bin/x86:/cygdrive/c/Program Files (x86)/Microsoft SDKs/Windows/v8.1A/bin/NETFX 4.5.1 Tools:/cygdrive/i/Programme (x86)/Microsoft Visual Studio 12.0/Common7/Tools/bin:/cygdrive/i/Programme (x86)/Microsoft Visual Studio 12.0/Common7/tools:/cygdrive/i/Programme (x86)/Microsoft Visual Studio 12.0/Common7/ide:/cygdrive/c/Program Files (x86)/HTML Help Workshop:/cygdrive/c/Program Files (x86)/MSBuild/12.0/bin:/cygdrive/c/Windows/Microsoft.NET/Framework/v4.0.30319:/cygdrive/c/Windows/SysWow64:/cygdrive/i/Programme (x86)/Microsoft Visual Studio 12.0/Common7/IDE/CommonExtensions/Microsoft/TeamFoundation/Team Explorer/NativeBinaries/x86:/cygdrive/c/ProgramData/Oracle/Java/javapath:/cygdrive/c/Program Files (x86)/NVIDIA Corporation/PhysX/Common:/cygdrive/c/Program Files (x86)/Intel/iCLS Client:/cygdrive/c/Program Files/Intel/iCLS Client:/cygdrive/c/Windows/system32:/cygdrive/c/Windows:/cygdrive/c/Windows/System32/Wbem:/cygdrive/c/Windows/System32/WindowsPowerShell/v1.0:/cygdrive/c/Program Files/Intel/Intel(R) Management Engine Components/DAL:/cygdrive/c/Program Files/Intel/Intel(R) Management Engine Components/IPT:/cygdrive/c/Program Files (x86)/Intel/Intel(R) Management Engine Components/DAL:/cygdrive/c/Program Files (x86)/Intel/Intel(R) Management Engine Components/IPT:/cygdrive/c/Program Files (x86)/Windows Kits/8.1/Windows Performance Toolkit:/cygdrive/c/Program Files/Microsoft SQL Server/110/Tools/Binn:/cygdrive/c/Program Files (x86)/Microsoft SDKs/TypeScript/1.0:/usr/local/cross/bin:/cygdrive/f/Program Files (x86)/Bochs-2.6.6'
         + INFOPATH=/usr/local/info:/usr/share/info:/usr/info
         ++ /usr/bin/id -un
         + USER=Kevin
         + unset TMP TEMP
         + TMP=/tmp
         + TEMP=/tmp
         + p='/proc/registry/HKEY_CURRENT_USER/Software/Microsoft/Windows NT/CurrentVersion/Windows/Device'
         + '[' -e '/proc/registry/HKEY_CURRENT_USER/Software/Microsoft/Windows NT/CurrentVersion/Windows/Device' ']'
         + read -r PRINTER
         + PRINTER='An OneNote 2013 senden'
         + unset p
         + umask 022
         + '[' '!' -d /home/Kevin ']'
         + readonly PROFILEREAD=true
         + PROFILEREAD=true
         + '[' '!' -z '' ']'
         + cd /home/Kevin
         ++ /usr/bin/hostname
         + HOSTNAME=Kevin-PC
         + profile_d sh
         + _LC_ALL_SET_=
         + _LC_SAVE_=null
         + LC_ALL=C
         + '[' null = null ']'
         + for file in '/etc/profile.d/*.$1'
         + '[' -e /etc/profile.d/lang.sh ']'
         + . /etc/profile.d/lang.sh
         ++ test -z ''
         +++ /usr/bin/locale -uU
         ++ export LANG=de_DE.UTF-8
         ++ LANG=de_DE.UTF-8
         + for file in '/etc/profile.d/*.$1'
         + '[' -e /etc/profile.d/tzset.sh ']'
         + . /etc/profile.d/tzset.sh
         ++ test -z ''
         +++ /usr/bin/tzset
         ++ export TZ=Europe/Berlin
         ++ TZ=Europe/Berlin
         + unset LC_ALL
         + unset file
         + unset _LC_ALL_SET_
         + unset _LC_SAVE_
         + '[' '!' 'x4.1.10(4)-release' = x ']'
         + '[' -f /etc/bash.bashrc ']'
         + . /etc/bash.bashrc
         ++ [[ -z '' ]]
         ++ CYG_SYS_BASHRC=1
         ++ [[ hixBH != *i* ]]
         ++ export 'EXECIGNORE=*.dll'
         ++ EXECIGNORE='*.dll'
         ++ PS1='\[\e]0;\w\a\]\n\[\e[32m\]\u@\h \[\e[33m\]\w\[\e[0m\]\n\$ '
         + export PROFILEREAD PATH ORIGINAL_PATH INFOPATH USER TMP TEMP PRINTER HOSTNAME PS1 SHELL tmp temp
         + case "$(/usr/bin/id -ng)" in
         ++ /usr/bin/id -ng
         + '[' -f /home/Kevin/.bashrc ']'
         + source /home/Kevin/.bashrc
         ++ [[ hixBH != *i* ]]
         + cd 'C:\Users\Kevin\Desktop\IntoxOS\IntoxOS'
         + echo /cygdrive/c/Users/Kevin/Desktop/IntoxOS/IntoxOS
         /cygdrive/c/Users/Kevin/Desktop/IntoxOS/IntoxOS
         + '[' make = make ']'
         + echo make all
         + make all
         make all
         make -C "./Bootloader/Stage 1" clean
         make[1]: Entering directory '/cygdrive/c/Users/Kevin/Desktop/IntoxOS/IntoxOS/Bootloader/Stage 1'
         rm -f *.bin
         make[1]: Leaving directory '/cygdrive/c/Users/Kevin/Desktop/IntoxOS/IntoxOS/Bootloader/Stage 1'
         make -C "./Bootloader/Stage 2" clean
         make[1]: Entering directory '/cygdrive/c/Users/Kevin/Desktop/IntoxOS/IntoxOS/Bootloader/Stage 2'
         rm -f *.o
         make[1]: Leaving directory '/cygdrive/c/Users/Kevin/Desktop/IntoxOS/IntoxOS/Bootloader/Stage 2'
         make -C "./Kernel" clean
         make[1]: Entering directory '/cygdrive/c/Users/Kevin/Desktop/IntoxOS/IntoxOS/Kernel'
         rm -f *.o
         make[1]: Leaving directory '/cygdrive/c/Users/Kevin/Desktop/IntoxOS/IntoxOS/Kernel'
         rm -f "./Bochs"/*.bin
         rm -f  "./object_files"/*.o
         rm -f  "./object_files"/*.bin
         make -C "./Bootloader/Stage 1" all
         make[1]: Entering directory '/cygdrive/c/Users/Kevin/Desktop/IntoxOS/IntoxOS/Bootloader/Stage 1'
         nasm -O32 -f bin boot.asm -o boot.bin
         make[1]: Leaving directory '/cygdrive/c/Users/Kevin/Desktop/IntoxOS/IntoxOS/Bootloader/Stage 1'
         make -C "./Bootloader/Stage 2" all
         make[1]: Entering directory '/cygdrive/c/Users/Kevin/Desktop/IntoxOS/IntoxOS/Bootloader/Stage 2'
         nasm -O32 -f elf SecondStageLoader.asm -o SecondStageLoader.o
         make[1]: Leaving directory '/cygdrive/c/Users/Kevin/Desktop/IntoxOS/IntoxOS/Bootloader/Stage 2'
         make -C "./Kernel" all		
         make[1]: Entering directory '/cygdrive/c/Users/Kevin/Desktop/IntoxOS/IntoxOS/Kernel'
         i586-elf-gcc -Wall -O -fstrength-reduce -fomit-frame-pointer -nostdinc -fno-builtin -fno-strict-aliasing -fno-common -fno-stack-protector -I./Source -c ./Source/*.c
         In file included from ./Source/video.h:20:0,
                          from ./Source/idt.h:19,
                          from ./Source/idt.c:13:
         ./Source/kernel.h:21:0: warning: "__VERSION__" redefined [enabled by default]
          #define __VERSION__ "v1.0"
          ^
         ./Source/idt.c:1:0: note: this is the location of the previous definition
          /*
          ^
         In file included from ./Source/video.h:20:0,
                          from ./Source/idt.h:19,
                          from ./Source/irq.h:18,
                          from ./Source/irq.c:1:
         ./Source/kernel.h:21:0: warning: "__VERSION__" redefined [enabled by default]
          #define __VERSION__ "v1.0"
          ^
         ./Source/irq.c:1:0: note: this is the location of the previous definition
          #include "irq.h"
          ^
         ./Source/irq.c: In function 'irq_handler':
         ./Source/irq.c:57:11: warning: unused variable 'con' [-Wunused-variable]
           Console* con = GetConsole();
                    ^
         In file included from ./Source/video.h:20:0,
                          from ./Source/idt.h:19,
                          from ./Source/isr.h:4,
                          from ./Source/isr.c:1:
         ./Source/kernel.h:21:0: warning: "__VERSION__" redefined [enabled by default]
          #define __VERSION__ "v1.0"
          ^
         ./Source/isr.c:1:0: note: this is the location of the previous definition
          #include "isr.h"
          ^
         In file included from ./Source/isr.c:1:0:
         ./Source/isr.h:47:7: warning: extra tokens at end of #endif directive [enabled by default]
          #endif; 
                ^
         ./Source/isr.c: In function 'isr_handler':
         ./Source/isr.c:51:2: warning: pointer targets in passing argument 1 of 'k_print' differ in signedness [-Wpointer-sign]
           k_print("Receive ISR: ", ColorBlack | ColorRed, con);
           ^
         In file included from ./Source/idt.h:19:0,
                          from ./Source/isr.h:4,
                          from ./Source/isr.c:1:
         ./Source/video.h:58:6: note: expected 'unsigned char *' but argument is of type 'char *'
          void k_print(unsigned char* string, uInt8_t color, Console *pos);
               ^
         ./Source/isr.c:53:2: warning: pointer targets in passing argument 1 of 'k_print' differ in signedness [-Wpointer-sign]
           k_print("\n", ColorBlack | ColorRed, con);
           ^
         In file included from ./Source/idt.h:19:0,
                          from ./Source/isr.h:4,
                          from ./Source/isr.c:1:
         ./Source/video.h:58:6: note: expected 'unsigned char *' but argument is of type 'char *'
          void k_print(unsigned char* string, uInt8_t color, Console *pos);
               ^
         In file included from ./Source/video.h:20:0,
                          from ./Source/idt.h:19,
                          from ./Source/irq.h:18,
                          from ./Source/keyboard.h:18,
                          from ./Source/keyboard.c:15:
         ./Source/kernel.h:21:0: warning: "__VERSION__" redefined [enabled by default]
          #define __VERSION__ "v1.0"
          ^
         ./Source/keyboard.c:1:0: note: this is the location of the previous definition
          ////////////////////////////////////////////////////////////////////////////
          ^
         In file included from ./Source/keyboard.c:15:0:
         ./Source/keyboard.h:24:0: warning: "NULL" redefined [enabled by default]
          #define NULL 0
          ^
         In file included from ./Source/io.h:17:0,
                          from ./Source/keyboard.h:16,
                          from ./Source/keyboard.c:15:
         ./Source/types.h:18:0: note: this is the location of the previous definition
          #define NULL ((void*)0)
          ^
         ./Source/keyboard.c: In function 'keyboard_handler':
         ./Source/keyboard.c:132:11: warning: unused variable 'con' [-Wunused-variable]
           Console* con = GetConsole(); 
                    ^
         ./Source/keyboard.c: In function 'FetchAndAnalyzeScancode':
         ./Source/keyboard.c:123:1: warning: control reaches end of non-void function [-Wreturn-type]
          }
          ^
         ./Source/keyboard.c: In function 'k_getch':
         ./Source/keyboard.c:128:1: warning: control reaches end of non-void function [-Wreturn-type]
          }
          ^
         In file included from ./Source/video.h:20:0,
                          from ./Source/kmain.c:14:
         ./Source/kernel.h:21:0: warning: "__VERSION__" redefined [enabled by default]
          #define __VERSION__ "v1.0"
          ^
         ./Source/kmain.c:1:0: note: this is the location of the previous definition
          ////////////////////////////////////////////////////////////////////////////
          ^
         In file included from ./Source/kmain.c:17:0:
         ./Source/isr.h:47:7: warning: extra tokens at end of #endif directive [enabled by default]
          #endif; 
                ^
         In file included from ./Source/kmain.c:20:0:
         ./Source/keyboard.h:24:0: warning: "NULL" redefined [enabled by default]
          #define NULL 0
          ^
         In file included from ./Source/video.h:17:0,
                          from ./Source/kmain.c:14:
         ./Source/types.h:18:0: note: this is the location of the previous definition
          #define NULL ((void*)0)
          ^
         ./Source/kmain.c:40:6: warning: return type of 'main' is not 'int' [-Wmain]
          void main()
               ^
         ./Source/kmain.c: In function 'main':
         ./Source/kmain.c:54:2: warning: pointer targets in passing argument 1 of 'k_print' differ in signedness [-Wpointer-sign]
           k_print("........................[", ColorBlack | ColorLightGray, con);
           ^
         In file included from ./Source/kmain.c:14:0:
         ./Source/video.h:58:6: note: expected 'unsigned char *' but argument is of type 'char *'
          void k_print(unsigned char* string, uInt8_t color, Console *pos);
               ^
         ./Source/kmain.c:55:2: warning: pointer targets in passing argument 1 of 'k_print' differ in signedness [-Wpointer-sign]
           k_print("Ok", ColorBlack | ColorGreen, con);
           ^
         In file included from ./Source/kmain.c:14:0:
         ./Source/video.h:58:6: note: expected 'unsigned char *' but argument is of type 'char *'
          void k_print(unsigned char* string, uInt8_t color, Console *pos);
               ^
         ./Source/kmain.c:56:2: warning: pointer targets in passing argument 1 of 'k_print' differ in signedness [-Wpointer-sign]
           k_print("]\n", ColorBlack | ColorLightGray, con);
           ^
         In file included from ./Source/kmain.c:14:0:
         ./Source/video.h:58:6: note: expected 'unsigned char *' but argument is of type 'char *'
          void k_print(unsigned char* string, uInt8_t color, Console *pos);
               ^
         ./Source/kmain.c:61:2: warning: pointer targets in passing argument 1 of 'k_print' differ in signedness [-Wpointer-sign]
           k_print("........................[", ColorBlack | ColorLightGray, con);
           ^
         In file included from ./Source/kmain.c:14:0:
         ./Source/video.h:58:6: note: expected 'unsigned char *' but argument is of type 'char *'
          void k_print(unsigned char* string, uInt8_t color, Console *pos);
               ^
         ./Source/kmain.c:62:2: warning: pointer targets in passing argument 1 of 'k_print' differ in signedness [-Wpointer-sign]
           k_print("Ok", ColorBlack | ColorGreen, con);
           ^
         In file included from ./Source/kmain.c:14:0:
         ./Source/video.h:58:6: note: expected 'unsigned char *' but argument is of type 'char *'
          void k_print(unsigned char* string, uInt8_t color, Console *pos);
               ^
         ./Source/kmain.c:63:2: warning: pointer targets in passing argument 1 of 'k_print' differ in signedness [-Wpointer-sign]
           k_print("]\n", ColorBlack | ColorLightGray, con);
           ^
         In file included from ./Source/kmain.c:14:0:
         ./Source/video.h:58:6: note: expected 'unsigned char *' but argument is of type 'char *'
          void k_print(unsigned char* string, uInt8_t color, Console *pos);
               ^
         ./Source/kmain.c:68:2: warning: pointer targets in passing argument 1 of 'k_print' differ in signedness [-Wpointer-sign]
           k_print("......................[", ColorBlack | ColorLightGray, con);
           ^
         In file included from ./Source/kmain.c:14:0:
         ./Source/video.h:58:6: note: expected 'unsigned char *' but argument is of type 'char *'
          void k_print(unsigned char* string, uInt8_t color, Console *pos);
               ^
         ./Source/kmain.c:69:2: warning: pointer targets in passing argument 1 of 'k_print' differ in signedness [-Wpointer-sign]
           k_print("Ok", ColorBlack | ColorGreen, con);
           ^
         In file included from ./Source/kmain.c:14:0:
         ./Source/video.h:58:6: note: expected 'unsigned char *' but argument is of type 'char *'
          void k_print(unsigned char* string, uInt8_t color, Console *pos);
               ^
         ./Source/kmain.c:70:2: warning: pointer targets in passing argument 1 of 'k_print' differ in signedness [-Wpointer-sign]
           k_print("]\n", ColorBlack | ColorLightGray, con);
           ^
         In file included from ./Source/kmain.c:14:0:
         ./Source/video.h:58:6: note: expected 'unsigned char *' but argument is of type 'char *'
          void k_print(unsigned char* string, uInt8_t color, Console *pos);
               ^
         ./Source/kmain.c:74:2: warning: pointer targets in passing argument 1 of 'k_print' differ in signedness [-Wpointer-sign]
           k_print("........................[", ColorBlack | ColorLightGray, con);
           ^
         In file included from ./Source/kmain.c:14:0:
         ./Source/video.h:58:6: note: expected 'unsigned char *' but argument is of type 'char *'
          void k_print(unsigned char* string, uInt8_t color, Console *pos);
               ^
         ./Source/kmain.c:75:2: warning: pointer targets in passing argument 1 of 'k_print' differ in signedness [-Wpointer-sign]
           k_print("Ok", ColorBlack | ColorGreen, con);
           ^
         In file included from ./Source/kmain.c:14:0:
         ./Source/video.h:58:6: note: expected 'unsigned char *' but argument is of type 'char *'
          void k_print(unsigned char* string, uInt8_t color, Console *pos);
               ^
         ./Source/kmain.c:76:2: warning: pointer targets in passing argument 1 of 'k_print' differ in signedness [-Wpointer-sign]
           k_print("]\n", ColorBlack | ColorLightGray, con);
           ^
         In file included from ./Source/kmain.c:14:0:
         ./Source/video.h:58:6: note: expected 'unsigned char *' but argument is of type 'char *'
          void k_print(unsigned char* string, uInt8_t color, Console *pos);
               ^
         ./Source/kmain.c:80:2: warning: pointer targets in passing argument 1 of 'k_print' differ in signedness [-Wpointer-sign]
           k_print("......................[", ColorBlack | ColorLightGray, con);
           ^
         In file included from ./Source/kmain.c:14:0:
         ./Source/video.h:58:6: note: expected 'unsigned char *' but argument is of type 'char *'
          void k_print(unsigned char* string, uInt8_t color, Console *pos);
               ^
         ./Source/kmain.c:81:2: warning: pointer targets in passing argument 1 of 'k_print' differ in signedness [-Wpointer-sign]
           k_print("Ok", ColorBlack | ColorGreen, con);
           ^
         In file included from ./Source/kmain.c:14:0:
         ./Source/video.h:58:6: note: expected 'unsigned char *' but argument is of type 'char *'
          void k_print(unsigned char* string, uInt8_t color, Console *pos);
               ^
         ./Source/kmain.c:82:2: warning: pointer targets in passing argument 1 of 'k_print' differ in signedness [-Wpointer-sign]
           k_print("]\n", ColorBlack | ColorLightGray, con);
           ^
         In file included from ./Source/kmain.c:14:0:
         ./Source/video.h:58:6: note: expected 'unsigned char *' but argument is of type 'char *'
          void k_print(unsigned char* string, uInt8_t color, Console *pos);
               ^
         ./Source/kmain.c:86:2: warning: pointer targets in passing argument 1 of 'k_print' differ in signedness [-Wpointer-sign]
           k_print("...................[", ColorBlack | ColorLightGray, con);
           ^
         In file included from ./Source/kmain.c:14:0:
         ./Source/video.h:58:6: note: expected 'unsigned char *' but argument is of type 'char *'
          void k_print(unsigned char* string, uInt8_t color, Console *pos);
               ^
         ./Source/kmain.c:87:2: warning: pointer targets in passing argument 1 of 'k_print' differ in signedness [-Wpointer-sign]
           k_print("Ok", ColorBlack | ColorGreen, con);
           ^
         In file included from ./Source/kmain.c:14:0:
         ./Source/video.h:58:6: note: expected 'unsigned char *' but argument is of type 'char *'
          void k_print(unsigned char* string, uInt8_t color, Console *pos);
               ^
         ./Source/kmain.c:88:2: warning: pointer targets in passing argument 1 of 'k_print' differ in signedness [-Wpointer-sign]
           k_print("]\n", ColorBlack | ColorLightGray, con);
           ^
         In file included from ./Source/kmain.c:14:0:
         ./Source/video.h:58:6: note: expected 'unsigned char *' but argument is of type 'char *'
          void k_print(unsigned char* string, uInt8_t color, Console *pos);
               ^
         ./Source/stdlib.c: In function 'malloc':
         ./Source/stdlib.c:21:1: warning: control reaches end of non-void function [-Wreturn-type]
          }
          ^
         In file included from ./Source/video.h:20:0,
                          from ./Source/timer.h:5,
                          from ./Source/timer.c:1:
         ./Source/kernel.h:21:0: warning: "__VERSION__" redefined [enabled by default]
          #define __VERSION__ "v1.0"
          ^
         ./Source/timer.c:1:0: note: this is the location of the previous definition
          #include "timer.h"
          ^
         ./Source/timer.c: In function 'timer_callback':
         ./Source/timer.c:8:11: warning: unused variable 'con' [-Wunused-variable]
           Console* con = GetConsole();
                    ^
         In file included from ./Source/video.h:20:0,
                          from ./Source/video.c:13:
         ./Source/kernel.h:21:0: warning: "__VERSION__" redefined [enabled by default]
          #define __VERSION__ "v1.0"
          ^
         ./Source/video.c:1:0: note: this is the location of the previous definition
          ////////////////////////////////////////////////////////////////////////////
          ^
         ./Source/video.c: In function 'printKernelInformations':
         ./Source/video.c:174:2: warning: pointer targets in passing argument 1 of 'k_print' differ in signedness [-Wpointer-sign]
           k_print("IntoxOS " __VERSION__ " - Created by Kevin Perdlich \n", ColorBlack | ColorLightGray, console);
           ^
         ./Source/video.c:135:6: note: expected 'unsigned char *' but argument is of type 'char *'
          void k_print(unsigned char* string, uInt8_t color, Console *pos)
               ^
         ./Source/video.c:175:2: warning: pointer targets in passing argument 1 of 'k_print' differ in signedness [-Wpointer-sign]
           k_print("Compiled at " __DATE__ " " __TIME__ "\n\n", ColorBlack | ColorLightGray, console); 
           ^
         ./Source/video.c:135:6: note: expected 'unsigned char *' but argument is of type 'char *'
          void k_print(unsigned char* string, uInt8_t color, Console *pos)
               ^
         nasm -O32 -f elf ./Source/gdt_setup.asm
         nasm -O32 -f elf ./Source/interrupts.asm
         mv ./Source/*.o /cygdrive/c/Users/Kevin/Desktop/IntoxOS/IntoxOS/Kernel
         make[1]: Leaving directory '/cygdrive/c/Users/Kevin/Desktop/IntoxOS/IntoxOS/Kernel'
         mv "./Bootloader/Stage 1"/boot.bin ./"./object_files"
         mv "./Bootloader/Stage 2"/*.o ./"./object_files"
         mv "./Kernel"/*.o ./"./object_files"
         i586-elf-ld -Map stage2.map -T kernel.ld "./object_files"/SecondStageLoader.o "./object_files"/gdt_setup.o "./object_files"/interrupts.o "./object_files"/kmain.o "./object_files"/video.o "./object_files"/io.o "./object_files"/string.o "./object_files"/gdt.o "./object_files"/idt.o "./object_files"/isr.o "./object_files"/irq.o "./object_files"/timer.o "./object_files"/keyboard.o
         mv a.out ./"./object_files"/kernel.bin
         boot.bin
         kernel.bin
                 1 Datei(en) kopiert.
         C:\Users\Kevin\Desktop\IntoxOS\IntoxOS
                 1 Datei(en) verschoben.
         00000000000i[      ] reading configuration from bochsrc.bxrc
         00000000000e[      ] bochsrc.bxrc:21: 'keyboard_serial_delay' will be replaced by new 'keyboard' option.
         00000000000e[      ] bochsrc.bxrc:22: 'keyboard_paste_delay' will be replaced by new 'keyboard' option.
         00000000000e[      ] bochsrc.bxrc:25: 'keyboard_mapping' will be replaced by new 'keyboard' option.
         00000000000i[      ] installing win32 module as the Bochs GUI
         00000000000i[      ] using log file bochsout.txt
         ========================================================================
         Bochs is exiting with the following message:
         [WINGUI] POWER button turned off.
         ========================================================================
         ========================================================================
                                Bochs x86 Emulator 2.6.6
                        Built from SVN snapshot on June 15, 2014
                           Compiled on Jun 15 2014 at 08:54:27
         ========================================================================
     1>Die Erstellung des Projekts "C:\Users\Kevin\Desktop\IntoxOS\IntoxOS\IntoxOS.vcxproj" ist abgeschlossen, Rebuild Ziel(e).

Build erfolgreich.

Verstrichene Zeit 00:00:09.24
